lerna(verbose) GitUtilities.isInitialized    ()
lerna(verbose) GitUtilities.isInitialized    () => true
lerna(verbose) GitUtilities.getTopLevelDirectory()
lerna(verbose) GitUtilities.getTopLevelDirectory() => "."
lerna(verbose) FileSystemUtilities.existsSync("./lerna.json")
lerna(verbose) FileSystemUtilities.existsSync("./lerna.json") => true
lerna(verbose) FileSystemUtilities.readFileSync("./lerna.json")
lerna(verbose) FileSystemUtilities.readFileSync("./lerna.json") => "{\n  \"lerna\": \"2.0.0-beta.31\",\n  \"packages\": [\n    \"packages/*\"\n  ],\n  \"version\": \"0.0.0\"\n}"
lerna(verbose) FileSystemUtilities.existsSync("./package.json")
lerna(verbose) FileSystemUtilities.existsSync("./package.json") => true
lerna(verbose) FileSystemUtilities.readFileSync("./package.json")
lerna(verbose) FileSystemUtilities.readFileSync("./package.json") => "{\n  \"name\": \"dastyle\",\n  \"version\": \"0.0.1\",\n  \"private\": true,\n  \"description\": \"drafting the style of the universe\",\n  \"scripts\": {\n    \"bootstrap\": \"lerna bootstrap\",\n    \"build:gulp\": \"NODE_ENV='\\\"production\\\"' gulp build\",\n    \"delete:doc-source-maps\": \"find docs -name '*.map' -type f -delete\",\n    \"docs\": \"\",\n    \"gulp\": \"gulp\"\n  },\n  \"dependencies\": {\n    \"assertion-error\": \"^1.0.2\",\n    \"autoprefixer\": \"^6.5.4\",\n    \"better-handlebars\": \"github:wmeldon/better-handlebars\",\n    \"chai\": \"^3.5.0\",\n    \"classnames\": \"^2.2.5\",\n    \"del\": \"^2.2.2\",\n    \"dom4\": \"^1.8.3\",\n    \"enzyme\": \"^2.6.0\",\n    \"gulp\": \"^3.9.1\",\n    \"gulp-bump\": \"^2.5.1\",\n    \"gulp-concat\": \"^2.6.1\",\n    \"gulp-connect\": \"^5.0.0\",\n    \"gulp-count\": \"^0.3.0\",\n    \"gulp-eslint\": \"^3.0.1\",\n    \"gulp-insert\": \"^0.5.0\",\n    \"gulp-less\": \"^3.3.0\",\n    \"gulp-load-plugins\": \"^1.4.0\",\n    \"gulp-postcss\": \"^6.2.0\",\n    \"gulp-rename\": \"^1.2.2\",\n    \"gulp-replace\": \"^0.5.4\",\n    \"gulp-sass\": \"^3.0.0\",\n    \"gulp-sourcemaps\": \"^1.9.1\",\n    \"gulp-strip-css-comments\": \"^1.2.0\",\n    \"gulp-stylelint\": \"^3.7.0\",\n    \"gulp-util\": \"^3.0.7\",\n    \"highlights\": \"^1.4.1\",\n    \"http-server\": \"^0.9.0\",\n    \"istanbul-instrumenter-loader\": \"^1.1.0\",\n    \"json-loader\": \"^0.5.4\",\n    \"karma\": \"^1.3.0\",\n    \"karma-chai\": \"^0.1.0\",\n    \"karma-chrome-launcher\": \"^2.0.0\",\n    \"karma-coverage\": \"^1.1.1\",\n    \"karma-firefox-launcher\": \"^1.0.0\",\n    \"karma-mocha\": \"^1.3.0\",\n    \"karma-mocha-reporter\": \"^2.2.1\",\n    \"karma-phantomjs-launcher\": \"^1.0.2\",\n    \"karma-phantomjs-shim\": \"^1.4.0\",\n    \"karma-sinon\": \"^1.0.5\",\n    \"karma-sourcemap-loader\": \"^0.3.7\",\n    \"karma-webpack\": \"^1.8.0\",\n    \"kss\": \"^3.0.0-beta.16\",\n    \"language-less\": \"github:atom/language-less\",\n    \"lerna\": \"2.0.0-beta.31\",\n    \"lodash\": \"^4.17.2\",\n    \"marked\": \"^0.3.6\",\n    \"merge-stream\": \"^1.0.1\",\n    \"mocha\": \"^3.2.0\",\n    \"node-sass-package-importer\": \"^3.0.1\",\n    \"npm-run-all\": \"^3.1.2\",\n    \"phantomjs-prebuilt\": \"^2.1.14\",\n    \"postcss-copy-assets\": \"^0.3.0\",\n    \"postcss-import\": \"^9.0.0\",\n    \"postcss-url\": \"^5.1.2\",\n    \"pure-render-decorator\": \"^1.2.1\",\n    \"react\": \"^15.4.1\",\n    \"react-addons-css-transition-group\": \"^15.4.1\",\n    \"react-addons-test-utils\": \"^15.4.1\",\n    \"react-addons-transition-group\": \"^15.4.1\",\n    \"react-dom\": \"^15.4.1\",\n    \"run-sequence\": \"^1.2.2\",\n    \"sinon\": \"^1.17.6\",\n    \"sorted-object\": \"^2.0.1\",\n    \"string-replace-loader\": \"^1.0.5\",\n    \"stylelint\": \"^7.7.0\",\n    \"stylelint-scss\": \"^1.4.1\",\n    \"tether\": \"^1.4.0\",\n    \"vinyl-source-stream\": \"^1.1.0\",\n    \"webpack\": \"^1.14.0\"\n  },\n  \"engines\": {\n    \"node\": \">= 6.5\"\n  },\n  \"repository\": {\n    \"type\": \"git\",\n    \"url\": \"git+https://github.com/DaPulse/dastyle.git\"\n  },\n  \"author\": \"dapulse Labs Ltd.\",\n  \"license\": \"BSD-3-Clause\",\n  \"bugs\": {\n    \"url\": \"https://github.com/DaPulse/dastyle/issues\"\n  },\n  \"homepage\": \"https://github.com/DaPulse/dastyle#readme\",\n  \"devDependencies\": {\n    \"babel-jest\": \"^18.0.0\",\n    \"babel-preset-es2015\": \"^6.18.0\",\n    \"babel-preset-react\": \"^6.16.0\",\n    \"jest\": \"^18.0.0\",\n    \"react-test-renderer\": \"^15.4.1\"\n  }\n}"
lerna(info)    Lerna v2.0.0-beta.31
lerna(verbose) FileSystemUtilities.existsSync("./package.json")
lerna(verbose) FileSystemUtilities.existsSync("./package.json") => true
lerna(verbose) FileSystemUtilities.existsSync("./lerna.json")
lerna(verbose) FileSystemUtilities.existsSync("./lerna.json") => true
lerna(verbose) FileSystemUtilities.existsSync("./VERSION")
lerna(verbose) FileSystemUtilities.existsSync("./VERSION") => false
lerna(verbose) FileSystemUtilities.existsSync("./packages/core/package.json")
lerna(verbose) FileSystemUtilities.existsSync("./packages/core/package.json") => true
lerna(verbose) FileSystemUtilities.existsSync("./packages/dastyle-docs/package.json")
lerna(verbose) FileSystemUtilities.existsSync("./packages/dastyle-docs/package.json") => true
lerna(verbose) Attempting running RunCommand.initialize
lerna(error)   Errored while running RunCommand.initialize
    Error: No packages found with the npm script 'packages/dastyle-docs'
        at RunCommand.initialize (/usr/local/lib/node_modules/lerna/lib/commands/RunCommand.js:57:18)
        at RunCommand._attempt (/usr/local/lib/node_modules/lerna/lib/Command.js:166:21)
        at RunCommand.runCommand (/usr/local/lib/node_modules/lerna/lib/Command.js:150:12)
        at RunCommand.run (/usr/local/lib/node_modules/lerna/lib/Command.js:69:12)
        at Object.<anonymous> (/usr/local/lib/node_modules/lerna/bin/lerna.js:62:11)
        at Module._compile (module.js:556:32)
        at Object.Module._extensions..js (module.js:565:10)
        at Module.load (module.js:473:32)
        at tryModuleLoad (module.js:432:12)
        at Function.Module._load (module.js:424:3)
